#
# There is insufficient memory for the Java Runtime Environment to continue.
# Native memory allocation (malloc) failed to allocate 51216 bytes for Chunk::new
# Possible reasons:
#   The system is out of physical RAM or swap space
#   In 32 bit mode, the process size limit was hit
# Possible solutions:
#   Reduce memory load on the system
#   Increase physical memory or swap space
#   Check if swap backing store is full
#   Use 64 bit Java on a 64 bit OS
#   Decrease Java heap size (-Xmx/-Xms)
#   Decrease number of Java threads
#   Decrease Java thread stack sizes (-Xss)
#   Set larger code cache with -XX:ReservedCodeCacheSize=
# This output file may be truncated or incomplete.
#
#  Out of Memory Error (allocation.cpp:390), pid=19148, tid=18708
#
# JRE version: Java(TM) SE Runtime Environment (8.0_73-b02) (build 1.8.0_73-b02)
# Java VM: Java HotSpot(TM) 64-Bit Server VM (25.73-b02 mixed mode windows-amd64 compressed oops)
# Failed to write core dump. Minidumps are not enabled by default on client versions of Windows
#

---------------  T H R E A D  ---------------

Current thread (0x000000001bf17000):  JavaThread "C2 CompilerThread0" daemon [_thread_in_native, id=18708, stack(0x000000001d680000,0x000000001d780000)]

Stack: [0x000000001d680000,0x000000001d780000]
[error occurred during error reporting (printing stack bounds), id 0xc0000005]

Native frames: (J=compiled Java code, j=interpreted, Vv=VM code, C=native code)


Current CompileTask:
C2:  51967  526       4       sun.nio.cs.StreamEncoder::writeBytes (132 bytes)


---------------  P R O C E S S  ---------------

Java Threads: ( => current thread )
  0x000000001db80000 JavaThread "Service Thread" daemon [_thread_blocked, id=16004, stack(0x000000001df90000,0x000000001e090000)]
  0x000000001bf1b000 JavaThread "C1 CompilerThread2" daemon [_thread_blocked, id=17020, stack(0x000000001da20000,0x000000001db20000)]
  0x000000001bf1a800 JavaThread "C2 CompilerThread1" daemon [_thread_in_native, id=16152, stack(0x000000001d890000,0x000000001d990000)]
=>0x000000001bf17000 JavaThread "C2 CompilerThread0" daemon [_thread_in_native, id=18708, stack(0x000000001d680000,0x000000001d780000)]
  0x000000001bf14800 JavaThread "Attach Listener" daemon [_thread_blocked, id=18972, stack(0x000000001d0e0000,0x000000001d1e0000)]
  0x000000001bf11800 JavaThread "Signal Dispatcher" daemon [_thread_blocked, id=13028, stack(0x000000001d3f0000,0x000000001d4f0000)]
  0x000000001beb6800 JavaThread "Finalizer" daemon [_thread_blocked, id=9056, stack(0x000000001d230000,0x000000001d330000)]
  0x000000001beaf800 JavaThread "Reference Handler" daemon [_thread_blocked, id=4972, stack(0x000000001cfa0000,0x000000001d0a0000)]
  0x0000000001eae000 JavaThread "main" [_thread_in_native, id=12136, stack(0x0000000002360000,0x0000000002460000)]

Other Threads:
  0x000000001beaa000 VMThread [stack: 0x000000001ce60000,0x000000001cf60000] [id=17096]
  0x000000001db95800 WatcherThread [stack: 0x000000001e190000,0x000000001e290000] [id=19120]

VM state:not at safepoint (normal execution)

VM Mutex/Monitor currently owned by a thread: None

Heap:
 PSYoungGen      total 419328K, used 417504K [0x000000076bd80000, 0x0000000785a00000, 0x00000007c0000000)
  eden space 416256K, 100% used [0x000000076bd80000,0x0000000785400000,0x0000000785400000)
  from space 3072K, 40% used [0x0000000785700000,0x0000000785838000,0x0000000785a00000)
  to   space 3072K, 0% used [0x0000000785400000,0x0000000785400000,0x0000000785700000)
 ParOldGen       total 173568K, used 20547K [0x00000006c3800000, 0x00000006ce180000, 0x000000076bd80000)
  object space 173568K, 11% used [0x00000006c3800000,0x00000006c4c10dd0,0x00000006ce180000)
 Metaspace       used 3926K, capacity 4736K, committed 4864K, reserved 1056768K
  class space    used 439K, capacity 496K, committed 512K, reserved 1048576K

Card table byte_map: [0x0000000011af0000,0x00000000122e0000] byte_map_base: 0x000000000e4d4000

Marking Bits: (ParMarkBitMap*) 0x0000000069ac0600
 Begin Bits: [0x0000000012ef0000, 0x0000000016e10000)
 End Bits:   [0x0000000016e10000, 0x000000001ad30000)

Polling page: 0x00000000000b0000

CodeCache: size=245760Kb used=2896Kb max_used=2909Kb free=242863Kb
 bounds [0x0000000002730000, 0x0000000002a10000, 0x0000000011730000]
 total_blobs=789 nmethods=524 adapters=178
 compilation: enabled

Compilation events (10 events):
Event: 51.908 Thread 0x000000001bf17000  522   !   4       java.nio.charset.CharsetEncoder::encode (285 bytes)
Event: 51.908 Thread 0x000000001bf1b000  523       3       sun.misc.FloatingDecimal$BinaryToASCIIBuffer::developLongDigits (304 bytes)
Event: 51.910 Thread 0x000000001bf1b000 nmethod 523 0x00000000029e1cd0 code [0x00000000029e1ea0, 0x00000000029e27b0]
Event: 51.917 Thread 0x000000001bf1a800  524       4       sun.nio.cs.SingleByte$Encoder::encodeLoop (28 bytes)
Event: 51.940 Thread 0x000000001bf1a800 nmethod 524 0x0000000002a04150 code [0x0000000002a042c0, 0x0000000002a04918]
Event: 51.940 Thread 0x000000001bf1a800  525   !   4       java.io.BufferedWriter::flushBuffer (53 bytes)
Event: 51.943 Thread 0x000000001bf1b000  527       3       sun.misc.FloatingDecimal$BinaryToASCIIBuffer::roundup (104 bytes)
Event: 51.943 Thread 0x000000001bf1b000 nmethod 527 0x0000000002a03ad0 code [0x0000000002a03c40, 0x0000000002a03fb0]
Event: 51.946 Thread 0x000000001bf17000 nmethod 522 0x0000000002a083d0 code [0x0000000002a08560, 0x0000000002a08dd8]
Event: 51.946 Thread 0x000000001bf17000  526       4       sun.nio.cs.StreamEncoder::writeBytes (132 bytes)

GC Heap History (10 events):
Event: 4.113 GC heap before
{Heap before GC invocations=16 (full 0):
 PSYoungGen      total 419328K, used 417472K [0x000000076bd80000, 0x0000000785a00000, 0x00000007c0000000)
  eden space 416256K, 100% used [0x000000076bd80000,0x0000000785400000,0x0000000785400000)
  from space 3072K, 39% used [0x0000000785400000,0x0000000785530000,0x0000000785700000)
  to   space 3072K, 0% used [0x0000000785700000,0x0000000785700000,0x0000000785a00000)
 ParOldGen       total 173568K, used 12373K [0x00000006c3800000, 0x00000006ce180000, 0x000000076bd80000)
  object space 173568K, 7% used [0x00000006c3800000,0x00000006c44154d8,0x00000006ce180000)
 Metaspace       used 3879K, capacity 4736K, committed 4864K, reserved 1056768K
  class space    used 435K, capacity 496K, committed 512K, reserved 1048576K
Event: 4.124 GC heap after
Heap after GC invocations=16 (full 0):
 PSYoungGen      total 419328K, used 1248K [0x000000076bd80000, 0x0000000785a00000, 0x00000007c0000000)
  eden space 416256K, 0% used [0x000000076bd80000,0x000000076bd80000,0x0000000785400000)
  from space 3072K, 40% used [0x0000000785700000,0x0000000785838000,0x0000000785a00000)
  to   space 3072K, 0% used [0x0000000785400000,0x0000000785400000,0x0000000785700000)
 ParOldGen       total 173568K, used 13581K [0x00000006c3800000, 0x00000006ce180000, 0x000000076bd80000)
  object space 173568K, 7% used [0x00000006c3800000,0x00000006c45434d8,0x00000006ce180000)
 Metaspace       used 3879K, capacity 4736K, committed 4864K, reserved 1056768K
  class space    used 435K, capacity 496K, committed 512K, reserved 1048576K
}
Event: 4.451 GC heap before
{Heap before GC invocations=17 (full 0):
 PSYoungGen      total 419328K, used 417504K [0x000000076bd80000, 0x0000000785a00000, 0x00000007c0000000)
  eden space 416256K, 100% used [0x000000076bd80000,0x0000000785400000,0x0000000785400000)
  from space 3072K, 40% used [0x0000000785700000,0x0000000785838000,0x0000000785a00000)
  to   space 3072K, 0% used [0x0000000785400000,0x0000000785400000,0x0000000785700000)
 ParOldGen       total 173568K, used 13581K [0x00000006c3800000, 0x00000006ce180000, 0x000000076bd80000)
  object space 173568K, 7% used [0x00000006c3800000,0x00000006c45434d8,0x00000006ce180000)
 Metaspace       used 3880K, capacity 4736K, committed 4864K, reserved 1056768K
  class space    used 435K, capacity 496K, committed 512K, reserved 1048576K
Event: 4.460 GC heap after
Heap after GC invocations=17 (full 0):
 PSYoungGen      total 419328K, used 3070K [0x000000076bd80000, 0x0000000785a00000, 0x00000007c0000000)
  eden space 416256K, 0% used [0x000000076bd80000,0x000000076bd80000,0x0000000785400000)
  from space 3072K, 99% used [0x0000000785400000,0x00000007856ff8f8,0x0000000785700000)
  to   space 3072K, 0% used [0x0000000785700000,0x0000000785700000,0x0000000785a00000)
 ParOldGen       total 173568K, used 15037K [0x00000006c3800000, 0x00000006ce180000, 0x000000076bd80000)
  object space 173568K, 8% used [0x00000006c3800000,0x00000006c46af4d8,0x00000006ce180000)
 Metaspace       used 3880K, capacity 4736K, committed 4864K, reserved 1056768K
  class space    used 435K, capacity 496K, committed 512K, reserved 1048576K
}
Event: 4.815 GC heap before
{Heap before GC invocations=18 (full 0):
 PSYoungGen      total 419328K, used 419326K [0x000000076bd80000, 0x0000000785a00000, 0x00000007c0000000)
  eden space 416256K, 100% used [0x000000076bd80000,0x0000000785400000,0x0000000785400000)
  from space 3072K, 99% used [0x0000000785400000,0x00000007856ff8f8,0x0000000785700000)
  to   space 3072K, 0% used [0x0000000785700000,0x0000000785700000,0x0000000785a00000)
 ParOldGen       total 173568K, used 15037K [0x00000006c3800000, 0x00000006ce180000, 0x000000076bd80000)
  object space 173568K, 8% used [0x00000006c3800000,0x00000006c46af4d8,0x00000006ce180000)
 Metaspace       used 3881K, capacity 4736K, committed 4864K, reserved 1056768K
  class space    used 435K, capacity 496K, committed 512K, reserved 1048576K
Event: 4.822 GC heap after
Heap after GC invocations=18 (full 0):
 PSYoungGen      total 419328K, used 1248K [0x000000076bd80000, 0x0000000785a00000, 0x00000007c0000000)
  eden space 416256K, 0% used [0x000000076bd80000,0x000000076bd80000,0x0000000785400000)
  from space 3072K, 40% used [0x0000000785700000,0x0000000785838000,0x0000000785a00000)
  to   space 3072K, 0% used [0x0000000785400000,0x0000000785400000,0x0000000785700000)
 ParOldGen       total 173568K, used 18123K [0x00000006c3800000, 0x00000006ce180000, 0x000000076bd80000)
  object space 173568K, 10% used [0x00000006c3800000,0x00000006c49b2dd0,0x00000006ce180000)
 Metaspace       used 3881K, capacity 4736K, committed 4864K, reserved 1056768K
  class space    used 435K, capacity 496K, committed 512K, reserved 1048576K
}
Event: 5.131 GC heap before
{Heap before GC invocations=19 (full 0):
 PSYoungGen      total 419328K, used 417504K [0x000000076bd80000, 0x0000000785a00000, 0x00000007c0000000)
  eden space 416256K, 100% used [0x000000076bd80000,0x0000000785400000,0x0000000785400000)
  from space 3072K, 40% used [0x0000000785700000,0x0000000785838000,0x0000000785a00000)
  to   space 3072K, 0% used [0x0000000785400000,0x0000000785400000,0x0000000785700000)
 ParOldGen       total 173568K, used 18123K [0x00000006c3800000, 0x00000006ce180000, 0x000000076bd80000)
  object space 173568K, 10% used [0x00000006c3800000,0x00000006c49b2dd0,0x00000006ce180000)
 Metaspace       used 3881K, capacity 4736K, committed 4864K, reserved 1056768K
  class space    used 435K, capacity 496K, committed 512K, reserved 1048576K
Event: 5.147 GC heap after
Heap after GC invocations=19 (full 0):
 PSYoungGen      total 419328K, used 1280K [0x000000076bd80000, 0x0000000785a00000, 0x00000007c0000000)
  eden space 416256K, 0% used [0x000000076bd80000,0x000000076bd80000,0x0000000785400000)
  from space 3072K, 41% used [0x0000000785400000,0x0000000785540000,0x0000000785700000)
  to   space 3072K, 0% used [0x0000000785700000,0x0000000785700000,0x0000000785a00000)
 ParOldGen       total 173568K, used 19339K [0x00000006c3800000, 0x00000006ce180000, 0x000000076bd80000)
  object space 173568K, 11% used [0x00000006c3800000,0x00000006c4ae2dd0,0x00000006ce180000)
 Metaspace       used 3881K, capacity 4736K, committed 4864K, reserved 1056768K
  class space    used 435K, capacity 496K, committed 512K, reserved 1048576K
}
Event: 5.460 GC heap before
{Heap before GC invocations=20 (full 0):
 PSYoungGen      total 419328K, used 417536K [0x000000076bd80000, 0x0000000785a00000, 0x00000007c0000000)
  eden space 416256K, 100% used [0x000000076bd80000,0x0000000785400000,0x0000000785400000)
  from space 3072K, 41% used [0x0000000785400000,0x0000000785540000,0x0000000785700000)
  to   space 3072K, 0% used [0x0000000785700000,0x0000000785700000,0x0000000785a00000)
 ParOldGen       total 173568K, used 19339K [0x00000006c3800000, 0x00000006ce180000, 0x000000076bd80000)
  object space 173568K, 11% used [0x00000006c3800000,0x00000006c4ae2dd0,0x00000006ce180000)
 Metaspace       used 3881K, capacity 4736K, committed 4864K, reserved 1056768K
  class space    used 435K, capacity 496K, committed 512K, reserved 1048576K
Event: 5.471 GC heap after
Heap after GC invocations=20 (full 0):
 PSYoungGen      total 419328K, used 1248K [0x000000076bd80000, 0x0000000785a00000, 0x00000007c0000000)
  eden space 416256K, 0% used [0x000000076bd80000,0x000000076bd80000,0x0000000785400000)
  from space 3072K, 40% used [0x0000000785700000,0x0000000785838000,0x0000000785a00000)
  to   space 3072K, 0% used [0x0000000785400000,0x0000000785400000,0x0000000785700000)
 ParOldGen       total 173568K, used 20547K [0x00000006c3800000, 0x00000006ce180000, 0x000000076bd80000)
  object space 173568K, 11% used [0x00000006c3800000,0x00000006c4c10dd0,0x00000006ce180000)
 Metaspace       used 3881K, capacity 4736K, committed 4864K, reserved 1056768K
  class space    used 435K, capacity 496K, committed 512K, reserved 1048576K
}

Deoptimization events (10 events):
Event: 17.089 Thread 0x0000000001eae000 Uncommon trap: reason=bimorphic action=maybe_recompile pc=0x0000000002869744 method=java.util.regex.Pattern$CharProperty.match(Ljava/util/regex/Matcher;ILjava/lang/CharSequence;)Z @ 18
Event: 17.089 Thread 0x0000000001eae000 Uncommon trap: reason=bimorphic action=maybe_recompile pc=0x0000000002932054 method=java.util.regex.Pattern$Start.match(Ljava/util/regex/Matcher;ILjava/lang/CharSequence;)Z @ 44
Event: 17.089 Thread 0x0000000001eae000 Uncommon trap: reason=bimorphic action=maybe_recompile pc=0x0000000002869744 method=java.util.regex.Pattern$CharProperty.match(Ljava/util/regex/Matcher;ILjava/lang/CharSequence;)Z @ 18
Event: 17.089 Thread 0x0000000001eae000 Uncommon trap: reason=bimorphic action=maybe_recompile pc=0x0000000002869744 method=java.util.regex.Pattern$CharProperty.match(Ljava/util/regex/Matcher;ILjava/lang/CharSequence;)Z @ 18
Event: 17.089 Thread 0x0000000001eae000 Uncommon trap: reason=bimorphic action=maybe_recompile pc=0x0000000002869744 method=java.util.regex.Pattern$CharProperty.match(Ljava/util/regex/Matcher;ILjava/lang/CharSequence;)Z @ 18
Event: 17.089 Thread 0x0000000001eae000 Uncommon trap: reason=class_check action=maybe_recompile pc=0x00000000028da188 method=java.util.regex.Pattern$Curly.match0(Ljava/util/regex/Matcher;IILjava/lang/CharSequence;)Z @ 31
Event: 17.169 Thread 0x0000000001eae000 Uncommon trap: reason=class_check action=maybe_recompile pc=0x00000000028da188 method=java.util.regex.Pattern$Curly.match0(Ljava/util/regex/Matcher;IILjava/lang/CharSequence;)Z @ 31
Event: 51.892 Thread 0x0000000001eae000 Uncommon trap: reason=class_check action=maybe_recompile pc=0x00000000028da188 method=java.util.regex.Pattern$Curly.match0(Ljava/util/regex/Matcher;IILjava/lang/CharSequence;)Z @ 31
Event: 51.892 Thread 0x0000000001eae000 Uncommon trap: reason=bimorphic action=maybe_recompile pc=0x0000000002932054 method=java.util.regex.Pattern$Start.match(Ljava/util/regex/Matcher;ILjava/lang/CharSequence;)Z @ 44
Event: 51.893 Thread 0x0000000001eae000 Uncommon trap: reason=class_check action=maybe_recompile pc=0x00000000028da188 method=java.util.regex.Pattern$Curly.match0(Ljava/util/regex/Matcher;IILjava/lang/CharSequence;)Z @ 31

Internal exceptions (6 events):
Event: 0.067 Thread 0x0000000001eae000 Exception <a 'java/lang/NoSuchMethodError': Method sun.misc.Unsafe.defineClass(Ljava/lang/String;[BII)Ljava/lang/Class; name or signature does not match> (0x000000076bd8d2f8) thrown at [D:\re\puppet\workspace\8-2-build-windows-amd64-cygwin\jdk8u73\6086\hotôº¸Åü±?
Event: 0.067 Thread 0x0000000001eae000 Exception <a 'java/lang/NoSuchMethodError': Method sun.misc.Unsafe.prefetchRead(Ljava/lang/Object;J)V name or signature does not match> (0x000000076bd8d5e0) thrown at [D:\re\puppet\workspace\8-2-build-windows-amd64-cygwin\jdk8u73\6086\hotspot\src\share\vm\íÏÊ≥≤—?
Event: 0.277 Thread 0x0000000001eae000 Exception <a 'java/security/PrivilegedActionException'> (0x000000076be1ba98) thrown at [D:\re\puppet\workspace\8-2-build-windows-amd64-cygwin\jdk8u73\6086\hotspot\src\share\vm\prims\jvm.cpp, line 1386]
Event: 0.277 Thread 0x0000000001eae000 Exception <a 'java/security/PrivilegedActionException'> (0x000000076be1be90) thrown at [D:\re\puppet\workspace\8-2-build-windows-amd64-cygwin\jdk8u73\6086\hotspot\src\share\vm\prims\jvm.cpp, line 1386]
Event: 0.278 Thread 0x0000000001eae000 Exception <a 'java/security/PrivilegedActionException'> (0x000000076be1fc20) thrown at [D:\re\puppet\workspace\8-2-build-windows-amd64-cygwin\jdk8u73\6086\hotspot\src\share\vm\prims\jvm.cpp, line 1386]
Event: 0.278 Thread 0x0000000001eae000 Exception <a 'java/security/PrivilegedActionException'> (0x000000076be20018) thrown at [D:\re\puppet\workspace\8-2-build-windows-amd64-cygwin\jdk8u73\6086\hotspot\src\share\vm\prims\jvm.cpp, line 1386]

Events (10 events):
Event: 17.169 Thread 0x0000000001eae000 DEOPT UNPACKING pc=0x000000000277582a sp=0x000000000245ee18 mode 2
Event: 51.892 Thread 0x0000000001eae000 Uncommon trap: trap_request=0xffffffde fr.pc=0x00000000028da188
Event: 51.892 Thread 0x0000000001eae000 DEOPT PACKING pc=0x00000000028da188 sp=0x000000000245ee60
Event: 51.892 Thread 0x0000000001eae000 DEOPT UNPACKING pc=0x000000000277582a sp=0x000000000245ee18 mode 2
Event: 51.892 Thread 0x0000000001eae000 Uncommon trap: trap_request=0xffffffc6 fr.pc=0x0000000002932054
Event: 51.892 Thread 0x0000000001eae000 DEOPT PACKING pc=0x0000000002932054 sp=0x000000000245efa0
Event: 51.892 Thread 0x0000000001eae000 DEOPT UNPACKING pc=0x000000000277582a sp=0x000000000245eeb0 mode 2
Event: 51.893 Thread 0x0000000001eae000 Uncommon trap: trap_request=0xffffffde fr.pc=0x00000000028da188
Event: 51.893 Thread 0x0000000001eae000 DEOPT PACKING pc=0x00000000028da188 sp=0x000000000245edd0
Event: 51.893 Thread 0x0000000001eae000 DEOPT UNPACKING pc=0x000000000277582a sp=0x000000000245ed88 mode 2


Dynamic libraries:
0x000000013fb90000 - 0x000000013fbc7000 	C:\Program Files\Java\jre1.8.0_73\bin\javaw.exe
0x0000000077490000 - 0x000000007763a000 	C:\windows\SYSTEM32\ntdll.dll
0x0000000077370000 - 0x000000007748f000 	C:\windows\system32\kernel32.dll
0x000007fefd220000 - 0x000007fefd28a000 	C:\windows\system32\KERNELBASE.dll
0x000007feff260000 - 0x000007feff33b000 	C:\windows\system32\ADVAPI32.dll
0x000007fefe310000 - 0x000007fefe3af000 	C:\windows\system32\msvcrt.dll
0x000007feff240000 - 0x000007feff25f000 	C:\windows\SYSTEM32\sechost.dll
0x000007fefec70000 - 0x000007fefed9d000 	C:\windows\system32\RPCRT4.dll
0x0000000077270000 - 0x000000007736a000 	C:\windows\system32\USER32.dll
0x000007feff390000 - 0x000007feff3f7000 	C:\windows\system32\GDI32.dll
0x000007fefe690000 - 0x000007fefe69e000 	C:\windows\system32\LPK.dll
0x000007fefe5c0000 - 0x000007fefe68a000 	C:\windows\system32\USP10.dll
0x000007fefbab0000 - 0x000007fefbca4000 	C:\windows\WinSxS\amd64_microsoft.windows.common-controls_6595b64144ccf1df_6.0.7601.18837_none_fa3b1e3d17594757\COMCTL32.dll
0x000007feff400000 - 0x000007feff471000 	C:\windows\system32\SHLWAPI.dll
0x000007feff480000 - 0x000007feff4ae000 	C:\windows\system32\IMM32.DLL
0x000007feff090000 - 0x000007feff199000 	C:\windows\system32\MSCTF.dll
0x000000006b140000 - 0x000000006b212000 	C:\Program Files\Java\jre1.8.0_73\bin\msvcr100.dll
0x00000000692b0000 - 0x0000000069b40000 	C:\Program Files\Java\jre1.8.0_73\bin\server\jvm.dll
0x000007fef40d0000 - 0x000007fef40d9000 	C:\windows\system32\WSOCK32.dll
0x000007feff340000 - 0x000007feff38d000 	C:\windows\system32\WS2_32.dll
0x000007feff080000 - 0x000007feff088000 	C:\windows\system32\NSI.dll
0x000007fef1300000 - 0x000007fef133b000 	C:\windows\system32\WINMM.dll
0x000007fefc0a0000 - 0x000007fefc0ac000 	C:\windows\system32\VERSION.dll
0x0000000077650000 - 0x0000000077657000 	C:\windows\system32\PSAPI.DLL
0x0000000072480000 - 0x000000007248f000 	C:\Program Files\Java\jre1.8.0_73\bin\verify.dll
0x0000000072070000 - 0x0000000072099000 	C:\Program Files\Java\jre1.8.0_73\bin\java.dll
0x0000000071f00000 - 0x0000000071f16000 	C:\Program Files\Java\jre1.8.0_73\bin\zip.dll
0x000007fefd580000 - 0x000007fefe30a000 	C:\windows\system32\SHELL32.dll
0x000007fefe3b0000 - 0x000007fefe5b3000 	C:\windows\system32\ole32.dll
0x000007fefd1d0000 - 0x000007fefd1df000 	C:\windows\system32\profapi.dll
0x00000000712e0000 - 0x00000000712fa000 	C:\Program Files\Java\jre1.8.0_73\bin\net.dll
0x000007fefc910000 - 0x000007fefc965000 	C:\windows\system32\mswsock.dll
0x000007fefcc20000 - 0x000007fefcc27000 	C:\windows\System32\wship6.dll
0x00000000712c0000 - 0x00000000712d1000 	C:\Program Files\Java\jre1.8.0_73\bin\nio.dll

VM Arguments:
jvm_args: -Dfile.encoding=Cp1252 
java_command: TermVectors
java_class_path (initial): D:\Google Drive\2016 School\Vanderbilt\VandyHacks3\JavaWorkspace\TermVectorApproach\bin;C:\Users\tgmeow\Desktop\commons-codec-1.10-bin\commons-codec-1.10\commons-codec-1.10.jar
Launcher Type: SUN_STANDARD

Environment Variables:
PATH=C:/Program Files/Java/jre1.8.0_73/bin/server;C:/Program Files/Java/jre1.8.0_73/bin;C:/Program Files/Java/jre1.8.0_73/lib/amd64;C:\Program Files\Common Files\Microsoft Shared\Windows Live;C:\Program Files (x86)\Common Files\Microsoft Shared\Windows Live;C:\ProgramData\Oracle\Java\javapath;C:\windows\system32;C:\windows;C:\windows\System32\Wbem;C:\windows\System32\WindowsPowerShell\v1.0\;C:\Program Files (x86)\Intel\Services\IPT\;C:\Program Files (x86)\Windows Live\Shared;C:\Program Files\MATLAB\R2016a\runtime\win64;C:\Program Files\MATLAB\R2016a\bin;C:\Program Files (x86)\Skype\Phone\;C:\Program Files (x86)\PharosSystems\Core;C:\Python27;C:\Users\tgmeow\AppData\Roaming\Microsoft\Windows\Start Menu\Programs\Eclipse;
USERNAME=tgmeow
OS=Windows_NT
PROCESSOR_IDENTIFIER=Intel64 Family 6 Model 42 Stepping 7, GenuineIntel



---------------  S Y S T E M  ---------------

OS: Windows 7 , 64 bit Build 7601 (6.1.7601.23539)

CPU:total 4 (2 cores per cpu, 2 threads per core) family 6 model 42 stepping 7, cmov, cx8, fxsr, mmx, sse, sse2, sse3, ssse3, sse4.1, sse4.2, popcnt, avx, aes, clmul, ht, tsc, tscinvbit

Memory: 4k page, physical 16547056k(2690588k free), swap 18642348k(5256k free)

vm_info: Java HotSpot(TM) 64-Bit Server VM (25.73-b02) for windows-amd64 JRE (1.8.0_73-b02), built on Jan 29 2016 17:38:49 by "java_re" with MS VC++ 10.0 (VS2010)

time: Sat Nov 12 19:13:58 2016
elapsed time: 51 seconds (0d 0h 0m 51s)

